<?xml version="1.0" encoding="UTF-8"?>
<!-- Generated by org.testng.reporters.JUnitXMLReporter -->
<testsuite ignored="0" hostname="Chilanka-PC" failures="0" tests="5" name="feature login" time="96.275" errors="0" timestamp="2023-05-01T20:20:48 IST">
  <testcase classname="basictestng.BrowserLaunch" name="verify_userlogin" time="0.032"/>
  <testcase classname="basictestng.AnnotationExample" name="testcase1" time="0.004"/>
  <testcase classname="basictestng.AnnotationExample" name="testcase2" time="0.005"/>
  <testcase classname="basictestng.AnnotationExample" name="testcase3" time="0.004"/>
  <testcase classname="assignments.A1_LaunchFirefox_Amazon" name="verify_amazon_login" time="0.004"/>
</testsuite> <!-- feature login -->
