<?xml version="1.0" encoding="UTF-8"?>
<!-- Generated by org.testng.reporters.JUnitXMLReporter -->
<testsuite ignored="2" hostname="Chilanka-PC" failures="0" tests="1" name="test1" time="0.264" errors="0" timestamp="2023-05-01T20:42:03 IST">
  <testcase classname="basictestng.AnnotationExample" name="testcase1" time="0.035"/>
  <testcase classname="basictestng.AnnotationExample" name="testcase3" time="0.0">
    <ignored/>
  </testcase> <!-- testcase3 -->
  <testcase classname="basictestng.AnnotationExample" name="testcase2" time="0.0">
    <ignored/>
  </testcase> <!-- testcase2 -->
</testsuite> <!-- test1 -->
