<?xml version="1.0" encoding="UTF-8"?>
<!-- Generated by org.testng.reporters.JUnitXMLReporter -->
<testsuite ignored="2" hostname="Chilanka-PC" failures="0" tests="1" name="Default test" time="8.023" errors="0" timestamp="2023-04-26T22:36:53 IST">
  <testcase classname="basictestng.TestngBasics" name="verify_checkboxDemo" time="1.026"/>
  <testcase classname="basictestng.TestngBasics" name="verify_buttonText" time="0.0">
    <ignored/>
  </testcase> <!-- verify_buttonText -->
  <testcase classname="basictestng.TestngBasics" name="verify_url" time="0.0">
    <ignored/>
  </testcase> <!-- verify_url -->
</testsuite> <!-- Default test -->
