<?xml version="1.0" encoding="UTF-8"?>
<testng-results ignored="0" total="1" passed="1" failed="0" skipped="0">
  <reporter-output>
  </reporter-output>
  <suite started-at="2023-05-05T15:52:51 IST" name="Default suite" finished-at="2023-05-05T15:52:55 IST" duration-ms="4230">
    <groups>
    </groups>
    <test started-at="2023-05-05T15:52:51 IST" name="Default test" finished-at="2023-05-05T15:52:55 IST" duration-ms="4230">
      <class name="assignments.A14_Search">
        <test-method is-config="true" signature="launch_chrome()[pri:0, instance:assignments.A14_Search@3f4f9acd]" started-at="2023-05-05T15:52:51 IST" name="launch_chrome" finished-at="2023-05-05T15:52:55 IST" duration-ms="3487" status="PASS">
          <reporter-output>
          </reporter-output>
        </test-method> <!-- launch_chrome -->
        <test-method signature="verify_userDetails()[pri:0, instance:assignments.A14_Search@3f4f9acd]" started-at="2023-05-05T15:52:55 IST" name="verify_userDetails" finished-at="2023-05-05T15:52:55 IST" duration-ms="627" status="PASS">
          <reporter-output>
          </reporter-output>
        </test-method> <!-- verify_userDetails -->
      </class> <!-- assignments.A14_Search -->
    </test> <!-- Default test -->
  </suite> <!-- Default suite -->
</testng-results>
