<?xml version="1.0" encoding="UTF-8"?>
<!-- Generated by org.testng.reporters.JUnitXMLReporter -->
<testsuite ignored="0" hostname="Chilanka-PC" failures="0" tests="3" name="test1" time="0.42" errors="0" timestamp="2023-05-01T20:48:59 IST">
  <testcase classname="basictestng.AnnotationExample" name="testcase1" time="0.042"/>
  <testcase classname="basictestng.AnnotationExample" name="testcase2" time="0.012"/>
  <testcase classname="basictestng.AnnotationExample" name="testcase3" time="0.013"/>
</testsuite> <!-- test1 -->
